2024-08-18T13:02:02+0545 [-] Log opened.
2024-08-18T13:02:02+0545 [-] SimpleTelnetFactory starting on 4444
2024-08-18T13:02:02+0545 [__main__.SimpleTelnetFactory#info] Starting factory <__main__.SimpleTelnetFactory object at 0x0000026C5350ED10>
2024-08-18T13:02:11+0545 [__main__.SimpleTelnetFactory] TELNET NEW Connection - Client IP: 127.0.0.1, Port: 54403
2024-08-18T13:02:15+0545 [SimpleTelnetProtocol,0,127.0.0.1] Received username attempt: b'Sulav\r'
2024-08-18T13:02:19+0545 [SimpleTelnetProtocol,0,127.0.0.1] Received password attempt: b'Dada\x08\x08\x08\x08Ronaldo\r'
2024-08-18T13:02:21+0545 [SimpleTelnetProtocol,0,127.0.0.1] Received username attempt: b'Sulav\r'
2024-08-18T13:02:25+0545 [SimpleTelnetProtocol,0,127.0.0.1] Received password attempt: b'Crst\x08\x08ista\x08iano\r'
2024-08-18T13:02:27+0545 [SimpleTelnetProtocol,0,127.0.0.1] Received username attempt: b'BaitBox\r'
2024-08-18T13:02:29+0545 [SimpleTelnetProtocol,0,127.0.0.1] Received password attempt: b'Testing\r'
2024-08-18T13:02:29+0545 [SimpleTelnetProtocol,0,127.0.0.1] Maximum attempts reached. Disconnecting client.
2024-08-18T13:02:29+0545 [SimpleTelnetProtocol,0,127.0.0.1] Connection lost
2024-08-18T13:03:15+0545 [-] Received SIGINT, shutting down.
2024-08-18T13:03:15+0545 [__main__.SimpleTelnetFactory] (TCP Port 4444 Closed)
2024-08-18T13:03:15+0545 [__main__.SimpleTelnetFactory#info] Stopping factory <__main__.SimpleTelnetFactory object at 0x0000026C5350ED10>
2024-08-18T13:03:15+0545 [-] Main loop terminated.
2024-08-18T15:24:14+0545 [-] Log opened.
2024-08-18T15:24:14+0545 [-] SimpleTelnetFactory starting on 4444
2024-08-18T15:24:14+0545 [__main__.SimpleTelnetFactory#info] Starting factory <__main__.SimpleTelnetFactory object at 0x000002279508EB90>
2025-02-26T14:21:15+0545 [-] Log opened.
2025-02-26T14:21:15+0545 [-] SimpleTelnetFactory starting on 2222
2025-02-26T14:21:15+0545 [__main__.SimpleTelnetFactory#info] Starting factory <__main__.SimpleTelnetFactory object at 0x0000025C31492900>
2025-02-26T14:22:09+0545 [twisted.internet.base#info] Received SIGINT, shutting down.
2025-02-26T14:22:09+0545 [__main__.SimpleTelnetFactory] (TCP Port 2222 Closed)
2025-02-26T14:22:09+0545 [__main__.SimpleTelnetFactory#info] Stopping factory <__main__.SimpleTelnetFactory object at 0x0000025C31492900>
2025-02-26T14:22:09+0545 [twisted.internet.base#info] Main loop terminated.
2025-02-26T15:22:55+0545 [-] Log opened.
2025-02-26T15:22:55+0545 [twisted.internet.defer#critical] Unhandled error in Deferred:
2025-02-26T15:22:55+0545 [twisted.internet.defer#critical] 
	Traceback (most recent call last):
	  File "C:\Users\gopal\AppData\Local\Packages\PythonSoftwareFoundation.Python.3.12_qbz5n2kfra8p0\LocalCache\local-packages\Python312\site-packages\twisted\internet\defer.py", line 155, in execute
	    result = callable(*args, **kwargs)
	  File "C:\Users\gopal\AppData\Local\Packages\PythonSoftwareFoundation.Python.3.12_qbz5n2kfra8p0\LocalCache\local-packages\Python312\site-packages\twisted\internet\posixbase.py", line 366, in listenTCP
	    p.startListening()
	  File "C:\Users\gopal\AppData\Local\Packages\PythonSoftwareFoundation.Python.3.12_qbz5n2kfra8p0\LocalCache\local-packages\Python312\site-packages\twisted\internet\tcp.py", line 1360, in startListening
	    raise CannotListenError(self.interface, self.port, le)
	twisted.internet.error.CannotListenError: Couldn't listen on 127.0.0.1:2222: [WinError 10048] Only one usage of each socket address (protocol/network address/port) is normally permitted.
	
2025-02-26T17:32:10+0545 [-] Log opened.
2025-02-26T17:32:10+0545 [-] SimpleTelnetFactory starting on 2222
2025-02-26T17:32:10+0545 [__main__.SimpleTelnetFactory#info] Starting factory <__main__.SimpleTelnetFactory object at 0x000001CADBF152E0>
2025-02-26T17:32:52+0545 [twisted.internet.base#info] Received SIGINT, shutting down.
2025-02-26T17:32:52+0545 [__main__.SimpleTelnetFactory] (TCP Port 2222 Closed)
2025-02-26T17:32:52+0545 [__main__.SimpleTelnetFactory#info] Stopping factory <__main__.SimpleTelnetFactory object at 0x000001CADBF152E0>
2025-02-26T17:32:52+0545 [twisted.internet.base#info] Main loop terminated.
2025-02-26T18:16:36+0545 [-] Log opened.
2025-02-26T18:16:36+0545 [-] SimpleTelnetFactory starting on 2222
2025-02-26T18:16:36+0545 [__main__.SimpleTelnetFactory#info] Starting factory <__main__.SimpleTelnetFactory object at 0x000001E7B970E900>
2025-02-26T18:17:03+0545 [twisted.internet.base#info] Received SIGINT, shutting down.
2025-02-26T18:17:03+0545 [__main__.SimpleTelnetFactory] (TCP Port 2222 Closed)
2025-02-26T18:17:03+0545 [__main__.SimpleTelnetFactory#info] Stopping factory <__main__.SimpleTelnetFactory object at 0x000001E7B970E900>
2025-02-26T18:17:03+0545 [twisted.internet.base#info] Main loop terminated.
2025-02-26T18:28:01+0545 [-] Log opened.
2025-02-26T18:28:01+0545 [-] SimpleTelnetFactory starting on 2222
2025-02-26T18:28:01+0545 [__main__.SimpleTelnetFactory#info] Starting factory <__main__.SimpleTelnetFactory object at 0x0000018949C9E900>
2025-02-26T18:28:16+0545 [twisted.internet.base#info] Received SIGINT, shutting down.
2025-02-26T18:28:16+0545 [__main__.SimpleTelnetFactory] (TCP Port 2222 Closed)
2025-02-26T18:28:16+0545 [__main__.SimpleTelnetFactory#info] Stopping factory <__main__.SimpleTelnetFactory object at 0x0000018949C9E900>
2025-02-26T18:28:16+0545 [twisted.internet.base#info] Main loop terminated.
2025-02-26T18:49:58+0545 [-] Log opened.
2025-02-26T18:49:58+0545 [-] SimpleTelnetFactory starting on 2222
2025-02-26T18:49:58+0545 [__main__.SimpleTelnetFactory#info] Starting factory <__main__.SimpleTelnetFactory object at 0x000001B23AD8E900>
2025-02-27T00:50:37+0545 [-] Log opened.
2025-02-27T00:50:37+0545 [-] SimpleTelnetFactory starting on 2222
2025-02-27T00:50:37+0545 [__main__.SimpleTelnetFactory#info] Starting factory <__main__.SimpleTelnetFactory object at 0x000001ED1091E900>
2025-02-27T00:50:59+0545 [twisted.internet.base#info] Received SIGINT, shutting down.
2025-02-27T00:50:59+0545 [__main__.SimpleTelnetFactory] (TCP Port 2222 Closed)
2025-02-27T00:50:59+0545 [__main__.SimpleTelnetFactory#info] Stopping factory <__main__.SimpleTelnetFactory object at 0x000001ED1091E900>
2025-02-27T00:50:59+0545 [twisted.internet.base#info] Main loop terminated.
2025-02-27T00:55:25+0545 [-] Log opened.
2025-02-27T00:55:25+0545 [twisted.internet.defer#critical] Unhandled error in Deferred:
2025-02-27T00:55:25+0545 [twisted.internet.defer#critical] 
	Traceback (most recent call last):
	  File "C:\Users\gopal\AppData\Local\Packages\PythonSoftwareFoundation.Python.3.12_qbz5n2kfra8p0\LocalCache\local-packages\Python312\site-packages\twisted\internet\defer.py", line 155, in execute
	    result = callable(*args, **kwargs)
	  File "C:\Users\gopal\AppData\Local\Packages\PythonSoftwareFoundation.Python.3.12_qbz5n2kfra8p0\LocalCache\local-packages\Python312\site-packages\twisted\internet\posixbase.py", line 366, in listenTCP
	    p.startListening()
	  File "C:\Users\gopal\AppData\Local\Packages\PythonSoftwareFoundation.Python.3.12_qbz5n2kfra8p0\LocalCache\local-packages\Python312\site-packages\twisted\internet\tcp.py", line 1360, in startListening
	    raise CannotListenError(self.interface, self.port, le)
	twisted.internet.error.CannotListenError: Couldn't listen on 127.0.0.1:2222: [WinError 10048] Only one usage of each socket address (protocol/network address/port) is normally permitted.
	
